/home/liyana/digital_twin_ws/install/two_wheel_robot/lib/python3.10/site-packages/two_wheel_robot/__init__.py
/home/liyana/digital_twin_ws/install/two_wheel_robot/lib/python3.10/site-packages/two_wheel_robot/__pycache__/__init__.cpython-310.pyc
/home/liyana/digital_twin_ws/install/two_wheel_robot/share/ament_index/resource_index/packages/two_wheel_robot
/home/liyana/digital_twin_ws/install/two_wheel_robot/share/two_wheel_robot/package.xml
/home/liyana/digital_twin_ws/install/two_wheel_robot/share/two_wheel_robot/launch/mapping.launch.py
/home/liyana/digital_twin_ws/install/two_wheel_robot/share/two_wheel_robot/launch/spawn_robot.launch.py
/home/liyana/digital_twin_ws/install/two_wheel_robot/share/two_wheel_robot/launch/warehouse_nav2.launch.py
/home/liyana/digital_twin_ws/install/two_wheel_robot/share/two_wheel_robot/urdf/two_wheel_robot.urdf
/home/liyana/digital_twin_ws/install/two_wheel_robot/share/two_wheel_robot/worlds/warehouse.world
/home/liyana/digital_twin_ws/install/two_wheel_robot/share/two_wheel_robot/config/nav2_params.yaml
/home/liyana/digital_twin_ws/install/two_wheel_robot/share/two_wheel_robot/config/slam_params.yaml
/home/liyana/digital_twin_ws/install/two_wheel_robot/share/two_wheel_robot/maps/my_warehouse_map.yaml
/home/liyana/digital_twin_ws/install/two_wheel_robot/share/two_wheel_robot/maps/my_warehouse_map.pgm
/home/liyana/digital_twin_ws/install/two_wheel_robot/lib/python3.10/site-packages/two_wheel_robot-0.0.0-py3.10.egg-info/top_level.txt
/home/liyana/digital_twin_ws/install/two_wheel_robot/lib/python3.10/site-packages/two_wheel_robot-0.0.0-py3.10.egg-info/SOURCES.txt
/home/liyana/digital_twin_ws/install/two_wheel_robot/lib/python3.10/site-packages/two_wheel_robot-0.0.0-py3.10.egg-info/PKG-INFO
/home/liyana/digital_twin_ws/install/two_wheel_robot/lib/python3.10/site-packages/two_wheel_robot-0.0.0-py3.10.egg-info/zip-safe
/home/liyana/digital_twin_ws/install/two_wheel_robot/lib/python3.10/site-packages/two_wheel_robot-0.0.0-py3.10.egg-info/requires.txt
/home/liyana/digital_twin_ws/install/two_wheel_robot/lib/python3.10/site-packages/two_wheel_robot-0.0.0-py3.10.egg-info/dependency_links.txt
/home/liyana/digital_twin_ws/install/two_wheel_robot/lib/python3.10/site-packages/two_wheel_robot-0.0.0-py3.10.egg-info/entry_points.txt
/home/liyana/digital_twin_ws/install/two_wheel_robot/lib/two_wheel_robot/avoid_physical
